<?xml version="1.0" encoding="UTF-8"?>
<!-- Generated by org.testng.reporters.JUnitReportReporter -->
<testsuite hostname="PERATALLADA" name="RunTest" tests="1" failures="0" timestamp="14 Feb 2019 12:44:01 GMT" time="46.408" errors="0">
  <testcase name="Regresion" time="46.408" classname="RunTest"/>
</testsuite> <!-- RunTest -->
