<?xml version="1.0" encoding="UTF-8"?>
<!-- Generated by org.testng.reporters.JUnitReportReporter -->
<testsuite hostname="PERATALLADA" name="RunTest" tests="1" failures="0" timestamp="13 Feb 2019 08:59:23 GMT" time="59.629" errors="0">
  <testcase name="Regresion" time="59.629" classname="RunTest"/>
</testsuite> <!-- RunTest -->
